<?xml version="1.0" encoding="UTF-8"?>
<testng-results ignored="0" total="3" passed="2" failed="1" skipped="0">
  <reporter-output>
  </reporter-output>
  <suite started-at="2024-07-30T08:16:26Z" name="Default suite" finished-at="2024-07-30T08:16:33Z" duration-ms="6658">
    <groups>
    </groups>
    <test started-at="2024-07-30T08:16:26Z" name="Default test" finished-at="2024-07-30T08:16:33Z" duration-ms="6658">
      <class name="Test.LoginPageTest">
        <test-method is-config="true" signature="startTest()[pri:0, instance:Test.LoginPageTest@24569dba]" started-at="2024-07-30T08:16:26Z" name="startTest" finished-at="2024-07-30T08:16:29Z" duration-ms="2216" status="PASS">
          <reporter-output>
          </reporter-output>
        </test-method> <!-- startTest -->
        <test-method signature="Locked_UserTest()[pri:0, instance:Test.LoginPageTest@24569dba]" started-at="2024-07-30T08:16:29Z" name="Locked_UserTest" finished-at="2024-07-30T08:16:29Z" duration-ms="295" status="FAIL">
          <exception class="junit.framework.ComparisonFailure">
            <message>
              <![CDATA[expected:<....> but was:<...>]]>
            </message>
            <full-stacktrace>
              <![CDATA[junit.framework.ComparisonFailure: expected:<....> but was:<...>
at junit.framework.Assert.assertEquals(Assert.java:81)
at junit.framework.Assert.assertEquals(Assert.java:87)
at Pages.LoginPage.validateLockedOutMessage(LoginPage.java:55)
at Test.LoginPageTest.Locked_UserTest(LoginPageTest.java:50)
at java.base/jdk.internal.reflect.DirectMethodHandleAccessor.invoke(DirectMethodHandleAccessor.java:103)
at java.base/java.lang.reflect.Method.invoke(Method.java:580)
at org.testng.internal.MethodInvocationHelper.invokeMethod(MethodInvocationHelper.java:124)
at org.testng.internal.Invoker.invokeMethod(Invoker.java:583)
at org.testng.internal.Invoker.invokeTestMethod(Invoker.java:719)
at org.testng.internal.Invoker.invokeTestMethods(Invoker.java:989)
at org.testng.internal.TestMethodWorker.invokeTestMethods(TestMethodWorker.java:125)
at org.testng.internal.TestMethodWorker.run(TestMethodWorker.java:109)
at org.testng.TestRunner.privateRun(TestRunner.java:648)
at org.testng.TestRunner.run(TestRunner.java:505)
at org.testng.SuiteRunner.runTest(SuiteRunner.java:455)
at org.testng.SuiteRunner.runSequentially(SuiteRunner.java:450)
at org.testng.SuiteRunner.privateRun(SuiteRunner.java:415)
at org.testng.SuiteRunner.run(SuiteRunner.java:364)
at org.testng.SuiteRunnerWorker.runSuite(SuiteRunnerWorker.java:52)
at org.testng.SuiteRunnerWorker.run(SuiteRunnerWorker.java:84)
at org.testng.TestNG.runSuitesSequentially(TestNG.java:1208)
at org.testng.TestNG.runSuitesLocally(TestNG.java:1137)
at org.testng.TestNG.runSuites(TestNG.java:1049)
at org.testng.TestNG.run(TestNG.java:1017)
at org.testng.remote.AbstractRemoteTestNG.run(AbstractRemoteTestNG.java:115)
at org.testng.remote.RemoteTestNG.initAndRun(RemoteTestNG.java:293)
at org.testng.remote.RemoteTestNG.main(RemoteTestNG.java:91)
]]>
            </full-stacktrace>
          </exception> <!-- junit.framework.ComparisonFailure -->
          <reporter-output>
          </reporter-output>
        </test-method> <!-- Locked_UserTest -->
        <test-method is-config="true" signature="tearDown()[pri:0, instance:Test.LoginPageTest@24569dba]" started-at="2024-07-30T08:16:29Z" name="tearDown" finished-at="2024-07-30T08:16:29Z" duration-ms="286" status="PASS">
          <reporter-output>
          </reporter-output>
        </test-method> <!-- tearDown -->
        <test-method is-config="true" signature="startTest()[pri:0, instance:Test.LoginPageTest@24569dba]" started-at="2024-07-30T08:16:29Z" name="startTest" finished-at="2024-07-30T08:16:31Z" duration-ms="1437" status="PASS">
          <reporter-output>
          </reporter-output>
        </test-method> <!-- startTest -->
        <test-method signature="LoginFailureTest()[pri:0, instance:Test.LoginPageTest@24569dba]" started-at="2024-07-30T08:16:31Z" name="LoginFailureTest" finished-at="2024-07-30T08:16:31Z" duration-ms="258" status="PASS">
          <reporter-output>
          </reporter-output>
        </test-method> <!-- LoginFailureTest -->
        <test-method is-config="true" signature="tearDown()[pri:0, instance:Test.LoginPageTest@24569dba]" started-at="2024-07-30T08:16:31Z" name="tearDown" finished-at="2024-07-30T08:16:31Z" duration-ms="106" status="PASS">
          <reporter-output>
          </reporter-output>
        </test-method> <!-- tearDown -->
        <test-method is-config="true" signature="startTest()[pri:0, instance:Test.LoginPageTest@24569dba]" started-at="2024-07-30T08:16:31Z" name="startTest" finished-at="2024-07-30T08:16:33Z" duration-ms="1426" status="PASS">
          <reporter-output>
          </reporter-output>
        </test-method> <!-- startTest -->
        <test-method signature="LoginSucessTest()[pri:0, instance:Test.LoginPageTest@24569dba]" started-at="2024-07-30T08:16:33Z" name="LoginSucessTest" finished-at="2024-07-30T08:16:33Z" duration-ms="353" status="PASS">
          <reporter-output>
          </reporter-output>
        </test-method> <!-- LoginSucessTest -->
        <test-method is-config="true" signature="tearDown()[pri:0, instance:Test.LoginPageTest@24569dba]" started-at="2024-07-30T08:16:33Z" name="tearDown" finished-at="2024-07-30T08:16:33Z" duration-ms="122" status="PASS">
          <reporter-output>
          </reporter-output>
        </test-method> <!-- tearDown -->
      </class> <!-- Test.LoginPageTest -->
    </test> <!-- Default test -->
  </suite> <!-- Default suite -->
</testng-results>
